<?xml version="1.0" encoding="UTF-8"?>
<!-- Generated by org.testng.reporters.JUnitXMLReporter -->
<testsuite hostname="DESKTOP-Q6RS37F" ignored="0" name="Default test" tests="2" failures="0" timestamp="20 Feb 2019 09:28:51 GMT" time="36.796" errors="0">
  <testcase name="verifyHomepageTitle" time="6.168" classname="tuto.eclipse.jal.selenium.ng.TestBookingNG"/>
  <testcase name="verifyWeFindFlights" time="18.711" classname="tuto.eclipse.jal.selenium.ng.TestBookingNG"/>
</testsuite> <!-- Default test -->
