<?xml version="1.0" encoding="UTF-8"?>
<testng-results skipped="0" failed="0" ignored="0" total="2" passed="2">
  <reporter-output>
  </reporter-output>
  <suite name="Default suite" duration-ms="36796" started-at="2019-02-20T09:28:14Z" finished-at="2019-02-20T09:28:51Z">
    <groups>
    </groups>
    <test name="Default test" duration-ms="36796" started-at="2019-02-20T09:28:14Z" finished-at="2019-02-20T09:28:51Z">
      <class name="tuto.eclipse.jal.selenium.ng.TestBookingNG">
        <test-method status="PASS" signature="loadTheDriver()[pri:0, instance:tuto.eclipse.jal.selenium.ng.TestBookingNG@5ed828d]" name="loadTheDriver" is-config="true" duration-ms="4784" started-at="2019-02-20T09:28:14Z" finished-at="2019-02-20T09:28:19Z">
          <reporter-output>
          </reporter-output>
        </test-method> <!-- loadTheDriver -->
        <test-method status="PASS" signature="verifyHomepageTitle()[pri:0, instance:tuto.eclipse.jal.selenium.ng.TestBookingNG@5ed828d]" name="verifyHomepageTitle" duration-ms="6168" started-at="2019-02-20T09:28:19Z" finished-at="2019-02-20T09:28:25Z">
          <reporter-output>
          </reporter-output>
        </test-method> <!-- verifyHomepageTitle -->
        <test-method status="PASS" signature="verifyWeFindFlights()[pri:1, instance:tuto.eclipse.jal.selenium.ng.TestBookingNG@5ed828d]" name="verifyWeFindFlights" duration-ms="18711" started-at="2019-02-20T09:28:25Z" finished-at="2019-02-20T09:28:44Z">
          <reporter-output>
          </reporter-output>
        </test-method> <!-- verifyWeFindFlights -->
        <test-method status="PASS" signature="closeTheDriver()[pri:0, instance:tuto.eclipse.jal.selenium.ng.TestBookingNG@5ed828d]" name="closeTheDriver" is-config="true" duration-ms="7106" started-at="2019-02-20T09:28:44Z" finished-at="2019-02-20T09:28:51Z">
          <reporter-output>
          </reporter-output>
        </test-method> <!-- closeTheDriver -->
      </class> <!-- tuto.eclipse.jal.selenium.ng.TestBookingNG -->
    </test> <!-- Default test -->
  </suite> <!-- Default suite -->
</testng-results>
